2026-04-08T17:52:24.566Z INFO  onKeyDown fired for action e06c87a9926c2c40901244eab57ed989
2026-04-08T17:52:24.570Z INFO  settings.albumUrl = https://music.apple.com/us/album/kicking-my-feet/1843702346
2026-04-08T17:52:24.571Z INFO  Parsed album: label=Kicking My Feet, url=https://music.apple.com/us/album/kicking-my-feet/1843702346
2026-04-08T17:52:24.571Z INFO  openAndPlay called with url=https://music.apple.com/us/album/kicking-my-feet/1843702346
2026-04-08T17:52:26.626Z INFO  Playback probe 1/12: view="(blank)", tracks=0, state=stopped, matched=false
2026-04-08T17:52:27.810Z INFO  Playback probe 2/12: view="(blank)", tracks=0, state=stopped, matched=false
2026-04-08T17:52:28.976Z INFO  Playback probe 3/12: view="(blank)", tracks=0, state=stopped, matched=false
2026-04-08T17:52:28.993Z INFO  onKeyDown fired for action e06c87a9926c2c40901244eab57ed989
2026-04-08T17:52:28.993Z INFO  settings.albumUrl = https://music.apple.com/us/album/kicking-my-feet/1843702346
2026-04-08T17:52:28.993Z INFO  Parsed album: label=Kicking My Feet, url=https://music.apple.com/us/album/kicking-my-feet/1843702346
2026-04-08T17:52:28.994Z INFO  openAndPlay called with url=https://music.apple.com/us/album/kicking-my-feet/1843702346
2026-04-08T17:52:30.159Z INFO  Playback probe 4/12: view="(blank)", tracks=0, state=stopped, matched=false
2026-04-08T17:52:30.827Z INFO  Playback probe 1/12: view="(blank)", tracks=0, state=stopped, matched=false
2026-04-08T17:52:31.326Z INFO  Playback probe 5/12: view="(blank)", tracks=0, state=stopped, matched=false
2026-04-08T17:52:32.009Z INFO  Playback probe 2/12: view="(blank)", tracks=0, state=stopped, matched=false
2026-04-08T17:52:32.494Z INFO  Playback probe 6/12: view="(blank)", tracks=0, state=stopped, matched=false
2026-04-08T17:52:33.193Z INFO  Playback probe 3/12: view="(blank)", tracks=0, state=stopped, matched=false
2026-04-08T17:52:33.523Z INFO  onKeyDown fired for action e06c87a9926c2c40901244eab57ed989
2026-04-08T17:52:33.523Z INFO  settings.albumUrl = https://music.apple.com/us/album/kicking-my-feet/1843702346
2026-04-08T17:52:33.524Z INFO  Parsed album: label=Kicking My Feet, url=https://music.apple.com/us/album/kicking-my-feet/1843702346
2026-04-08T17:52:33.524Z INFO  openAndPlay called with url=https://music.apple.com/us/album/kicking-my-feet/1843702346
2026-04-08T17:52:33.726Z INFO  Playback probe 7/12: view="(blank)", tracks=0, state=stopped, matched=false
2026-04-08T17:52:34.376Z INFO  Playback probe 4/12: view="(blank)", tracks=0, state=stopped, matched=false
2026-04-08T17:52:34.926Z INFO  Playback probe 8/12: view="(blank)", tracks=0, state=stopped, matched=false
2026-04-08T17:52:35.426Z INFO  Playback probe 1/12: view="(blank)", tracks=0, state=stopped, matched=false
2026-04-08T17:52:35.526Z INFO  Playback probe 5/12: view="(blank)", tracks=0, state=stopped, matched=false
2026-04-08T17:52:35.967Z INFO  onKeyDown fired for action e7a0dc3dd63448a7de2818d2395033a9
2026-04-08T17:52:35.967Z INFO  settings.albumUrl = https://music.apple.com/us/album/creature-of-habit/1868686713
2026-04-08T17:52:35.968Z INFO  Parsed album: label=Creature Of Habit, url=https://music.apple.com/us/album/creature-of-habit/1868686713
2026-04-08T17:52:35.968Z INFO  openAndPlay called with url=https://music.apple.com/us/album/creature-of-habit/1868686713
2026-04-08T17:52:36.365Z INFO  Playback probe 9/12: view="(blank)", tracks=0, state=stopped, matched=false
2026-04-08T17:52:36.592Z INFO  Playback probe 2/12: view="(blank)", tracks=0, state=stopped, matched=false
2026-04-08T17:52:36.677Z INFO  Playback probe 6/12: view="(blank)", tracks=0, state=stopped, matched=false
2026-04-08T17:52:37.543Z INFO  Playback probe 10/12: view="(blank)", tracks=0, state=stopped, matched=false
2026-04-08T17:52:37.793Z INFO  Playback probe 3/12: view="(blank)", tracks=0, state=stopped, matched=false
2026-04-08T17:52:37.928Z INFO  Playback probe 1/12: view="(blank)", tracks=0, state=stopped, matched=false
2026-04-08T17:52:37.929Z INFO  Playback probe 7/12: view="(blank)", tracks=0, state=stopped, matched=false
2026-04-08T17:52:38.727Z INFO  Playback probe 11/12: view="(blank)", tracks=0, state=stopped, matched=false
2026-04-08T17:52:38.977Z INFO  Playback probe 4/12: view="(blank)", tracks=0, state=stopped, matched=false
2026-04-08T17:52:39.126Z INFO  Playback probe 2/12: view="(blank)", tracks=0, state=stopped, matched=false
2026-04-08T17:52:39.143Z INFO  Playback probe 8/12: view="(blank)", tracks=0, state=stopped, matched=false
2026-04-08T17:52:39.927Z INFO  Playback probe 12/12: view="(blank)", tracks=0, state=stopped, matched=false
2026-04-08T17:52:40.160Z INFO  Playback probe 5/12: view="(blank)", tracks=0, state=stopped, matched=false
2026-04-08T17:52:40.327Z INFO  Playback probe 3/12: view="(blank)", tracks=0, state=stopped, matched=false
2026-04-08T17:52:40.361Z INFO  Playback probe 9/12: view="(blank)", tracks=0, state=stopped, matched=false
2026-04-08T17:52:40.990Z INFO  Play button fallback result: error:osascript:654:660: syntax error: Expected class name but found identifier. (-2741)
2026-04-08T17:52:41.327Z INFO  Playback probe 6/12: view="(blank)", tracks=0, state=stopped, matched=false
2026-04-08T17:52:41.493Z INFO  Playback probe 4/12: view="(blank)", tracks=0, state=stopped, matched=false
2026-04-08T17:52:41.543Z INFO  Playback probe 10/12: view="(blank)", tracks=0, state=stopped, matched=false
2026-04-08T17:52:42.526Z INFO  Playback probe 7/12: view="(blank)", tracks=0, state=stopped, matched=false
2026-04-08T17:52:42.659Z INFO  Playback probe 5/12: view="(blank)", tracks=0, state=stopped, matched=false
2026-04-08T17:52:42.710Z INFO  Playback probe 11/12: view="(blank)", tracks=0, state=stopped, matched=false
2026-04-08T17:52:43.726Z INFO  Playback probe 8/12: view="(blank)", tracks=0, state=stopped, matched=false
2026-04-08T17:52:43.829Z INFO  Playback probe 6/12: view="(blank)", tracks=0, state=stopped, matched=false
2026-04-08T17:52:43.893Z INFO  Playback probe 12/12: view="(blank)", tracks=0, state=stopped, matched=false
2026-04-08T17:52:44.909Z INFO  Playback probe 9/12: view="(blank)", tracks=0, state=stopped, matched=false
2026-04-08T17:52:44.926Z INFO  Play button fallback result: error:osascript:654:660: syntax error: Expected class name but found identifier. (-2741)
2026-04-08T17:52:44.976Z INFO  Playback probe 7/12: view="(blank)", tracks=0, state=stopped, matched=false
2026-04-08T17:52:46.109Z INFO  Playback probe 10/12: view="(blank)", tracks=0, state=stopped, matched=false
2026-04-08T17:52:46.160Z INFO  Playback probe 8/12: view="(blank)", tracks=0, state=stopped, matched=false
2026-04-08T17:52:47.327Z INFO  Playback probe 11/12: view="(blank)", tracks=0, state=stopped, matched=false
2026-04-08T17:52:47.360Z INFO  Playback probe 9/12: view="(blank)", tracks=0, state=stopped, matched=false
2026-04-08T17:52:47.855Z INFO  onKeyDown fired for action 904cebcfa8f8ed89adbf2dbfd5668a56
2026-04-08T17:52:47.856Z INFO  settings.albumUrl = https://music.apple.com/us/album/texas-forever/1814944527
2026-04-08T17:52:47.856Z INFO  Parsed album: label=Texas Forever, url=https://music.apple.com/us/album/texas-forever/1814944527
2026-04-08T17:52:47.857Z INFO  openAndPlay called with url=https://music.apple.com/us/album/texas-forever/1814944527
2026-04-08T17:52:48.767Z INFO  Playback probe 12/12: view="(blank)", tracks=0, state=stopped, matched=false
2026-04-08T17:52:48.780Z INFO  Playback probe 10/12: view="(blank)", tracks=0, state=stopped, matched=false
2026-04-08T17:52:49.778Z INFO  Playback probe 1/12: view="(blank)", tracks=0, state=stopped, matched=false
2026-04-08T17:52:49.832Z INFO  Play button fallback result: error:osascript:654:660: syntax error: Expected class name but found identifier. (-2741)
2026-04-08T17:52:49.943Z INFO  Playback probe 11/12: view="(blank)", tracks=0, state=stopped, matched=false
2026-04-08T17:52:50.977Z INFO  Playback probe 2/12: view="(blank)", tracks=0, state=stopped, matched=false
2026-04-08T17:52:51.110Z INFO  Playback probe 12/12: view="(blank)", tracks=0, state=stopped, matched=false
2026-04-08T17:52:52.156Z INFO  Play button fallback result: error:osascript:654:660: syntax error: Expected class name but found identifier. (-2741)
2026-04-08T17:52:52.160Z INFO  Playback probe 3/12: view="(blank)", tracks=0, state=stopped, matched=false
2026-04-08T17:52:53.344Z INFO  Playback probe 4/12: view="(blank)", tracks=0, state=stopped, matched=false
2026-04-08T17:52:54.544Z INFO  Playback probe 5/12: view="(blank)", tracks=0, state=stopped, matched=false
2026-04-08T17:52:55.710Z INFO  Playback probe 6/12: view="(blank)", tracks=0, state=stopped, matched=false
2026-04-08T17:52:56.910Z INFO  Playback probe 7/12: view="(blank)", tracks=0, state=stopped, matched=false
2026-04-08T17:52:58.111Z INFO  Playback probe 8/12: view="(blank)", tracks=0, state=stopped, matched=false
2026-04-08T17:52:59.311Z INFO  Playback probe 9/12: view="(blank)", tracks=0, state=stopped, matched=false
2026-04-08T17:53:00.529Z INFO  Playback probe 10/12: view="(blank)", tracks=0, state=stopped, matched=false
2026-04-08T17:53:01.728Z INFO  Playback probe 11/12: view="(blank)", tracks=0, state=stopped, matched=false
2026-04-08T17:53:02.928Z INFO  Playback probe 12/12: view="(blank)", tracks=0, state=stopped, matched=false
2026-04-08T17:53:03.991Z INFO  Play button fallback result: error:osascript:654:660: syntax error: Expected class name but found identifier. (-2741)
